100 15.9125 0
200 14.406 1.06522
300 15.4324 1.09848
400 15.3744 0.825386
500 14.7418 0.869581
600 14.659 0.728587
700 14.866 0.653253
800 15.1307 0.62293
900 15.578 0.696027
1000 15.6277 0.628191
1100 15.5239 0.579588
1200 15.6748 0.550574
1300 15.6565 0.508527
1400 15.6687 0.47235
1500 15.5301 0.460728
1600 15.7101 0.465743
1700 15.4724 0.495265
1800 15.3478 0.483185
1900 15.1949 0.481319
2000 15.0867 0.46926
2100 15.0367 0.449572
2200 14.9021 0.44883
2300 14.9789 0.43584
2400 14.9618 0.418015
2500 14.9198 0.403402
2600 14.8922 0.388829
2700 14.8475 0.376987
2800 14.8699 0.364187
2900 14.8509 0.352124
3000 14.7212 0.363481
3100 14.763 0.354146
3200 14.8253 0.348517
3300 14.7629 0.343493
3400 14.6755 0.344334
3500 14.719 0.337238
3600 14.6532 0.334225
3700 14.6441 0.325318
3800 14.6049 0.319107
3900 14.5367 0.318123
4000 14.5767 0.312673
4100 14.5995 0.305876
4200 14.6449 0.301941
4300 14.6071 0.297269
4400 14.5954 0.290743
4500 14.6192 0.285254
4600 14.6107 0.279182
4700 14.6086 0.27325
4800 14.5577 0.272253
4900 14.5832 0.267887
5000 14.6316 0.266865
5100 14.6608 0.263226
5200 14.6506 0.258361
5300 14.6965 0.257543
5400 14.757 0.259764
5500 14.7834 0.256386
5600 14.8205 0.254478
5700 14.76 0.257102
5800 14.6937 0.261082
5900 14.7493 0.26251
6000 14.7118 0.260797
6100 14.6958 0.257014
6200 14.7065 0.25309
6300 14.6788 0.250586
6400 14.6475 0.248617
6500 14.7083 0.252128
6600 14.6755 0.250443
6700 14.7048 0.248414
6800 14.7291 0.24595
6900 14.7399 0.242623
7000 14.7332 0.23925
7100 14.7771 0.239868
7200 14.7737 0.23656
7300 14.7976 0.234531
7400 14.7951 0.231375
7500 14.788 0.228401
7600 14.7644 0.22661
7700 14.7505 0.224093
7800 14.7093 0.224979
7900 14.7284 0.222948
8000 14.7289 0.220161
8100 14.7596 0.219567
8200 14.7532 0.216983
8300 14.7271 0.215927
8400 14.7082 0.214185
8500 14.7816 0.223893
8600 14.7563 0.222713
8700 14.7704 0.220595
8800 14.7599 0.218335
8900 14.7227 0.219026
9000 14.7044 0.217361
9100 14.6817 0.216154
9200 14.6671 0.214296
9300 14.666 0.211995
9400 14.6704 0.209784
9500 14.6934 0.208838
9600 14.7173 0.208027
9700 14.7259 0.206058
9800 14.7229 0.203977
9900 14.7426 0.20286
10000 14.7669 0.202289
