100 5.51861 0
200 6.216 0.493128
300 5.60605 0.596743
400 5.16205 0.59005
500 5.21179 0.474132
600 5.4791 0.464389
700 5.35554 0.414161
800 5.20477 0.388864
900 5.27116 0.351279
1000 5.32794 0.320706
1100 5.3063 0.29228
1200 5.41052 0.285901
1300 5.42063 0.264088
1400 5.34064 0.257055
1500 5.27663 0.247759
1600 5.40703 0.264374
1700 5.33449 0.258583
1800 5.35743 0.245233
1900 5.37007 0.232651
2000 5.34875 0.221993
2100 5.37413 0.212868
2200 5.40927 0.206071
2300 5.46542 0.204618
2400 5.47097 0.196167
2500 5.4204 0.194729
2600 5.44963 0.18942
2700 5.4267 0.183786
2800 5.4947 0.189385
2900 5.44463 0.189358
3000 5.46273 0.183909
3100 5.45987 0.177999
3200 5.44027 0.173512
3300 5.43686 0.168288
3400 5.43406 0.163362
3500 5.4293 0.158763
3600 5.44287 0.154932
3700 5.44353 0.150746
3800 5.42385 0.148057
3900 5.46993 0.15126
4000 5.47748 0.147667
4100 5.48103 0.144108
4200 5.45074 0.143824
4300 5.46318 0.141016
4400 5.41861 0.144684
4500 5.44643 0.144118
4600 5.46748 0.142515
4700 5.42062 0.146985
4800 5.39082 0.146913
4900 5.38525 0.14402
5000 5.41144 0.1435
5100 5.39925 0.141203
5200 5.38258 0.139468
5300 5.39841 0.137732
5400 5.41128 0.135782
5500 5.42197 0.133733
5600 5.42829 0.131494
5700 5.43841 0.129576
5800 5.44774 0.127677
5900 5.44943 0.125524
6000 5.45129 0.123446
6100 5.43775 0.122163
6200 5.41813 0.121758
6300 5.4314 0.120547
6400 5.42144 0.119074
6500 5.41504 0.117414
6600 5.41801 0.115672
6700 5.38896 0.117536
6800 5.39492 0.115958
6900 5.39272 0.114298
7000 5.40361 0.113183
7100 5.39764 0.111746
7200 5.38553 0.110848
7300 5.39679 0.1099
7400 5.40856 0.109043
7500 5.41497 0.107777
7600 5.40417 0.106899
7700 5.40772 0.105569
7800 5.42986 0.106513
7900 5.44007 0.105653
8000 5.44306 0.104375
8100 5.4324 0.103629
8200 5.42199 0.102887
8300 5.43352 0.102292
8400 5.42866 0.10119
8500 5.43475 0.100183
8600 5.42561 0.0994332
8700 5.43054 0.0984122
8800 5.42426 0.0974939
8900 5.41439 0.0968972
9000 5.40002 0.0968793
9100 5.40355 0.0958788
9200 5.40427 0.0948393
9300 5.41283 0.0942058
9400 5.40767 0.0933448
9500 5.41516 0.0926623
9600 5.41183 0.0917568
9700 5.40391 0.0911523
9800 5.41998 0.0916282
9900 5.44962 0.0953741
10000 5.44461 0.0945519
