100 14.7442 0
200 15.3376 0.419604
300 15.0414 0.369762
400 14.4098 0.613272
500 14.3464 0.49388
600 14.3394 0.411616
700 14.794 0.549159
800 15.1962 0.610287
900 14.6276 0.762672
1000 14.8212 0.71056
1100 15.048 0.68119
1200 15.2213 0.646085
1300 15.2597 0.597526
1400 15.2683 0.554908
1500 15.6164 0.617542
1600 15.3262 0.643525
1700 15.284 0.607054
1800 15.314 0.57407
1900 15.1111 0.578613
2000 15.0464 0.553282
2100 15.0317 0.527133
2200 15.0194 0.503316
2300 15.116 0.49062
2400 15.1318 0.470432
2500 15.2276 0.461275
2600 15.1646 0.447826
2700 15.0913 0.43719
2800 15.1755 0.429607
2900 15.2724 0.42558
3000 15.2503 0.411969
3100 15.3566 0.412163
3200 15.3055 0.402437
3300 15.2432 0.395035
3400 15.2845 0.385575
3500 15.2032 0.383046
3600 15.1424 0.377198
3700 15.2029 0.371825
3800 15.171 0.363409
3900 15.0788 0.365595
4000 15.0055 0.363722
4100 14.9807 0.355693
4200 14.983 0.347231
4300 15.0214 0.341274
4400 15.1255 0.349046
4500 15.0782 0.344485
4600 15.028 0.340633
4700 15.1009 0.341099
4800 15.1215 0.334616
4900 15.0663 0.332319
5000 15.0508 0.326034
5100 15.0523 0.319644
5200 15.0835 0.315018
5300 15.0574 0.310153
5400 15.0602 0.304421
5500 15.066 0.298942
5600 15.0696 0.293625
5700 15.1102 0.291274
5800 15.1284 0.286819
5900 15.201 0.291
6000 15.226 0.287227
6100 15.1874 0.285103
6200 15.177 0.280694
6300 15.2452 0.284405
6400 15.2127 0.28182
6500 15.1855 0.278794
6600 15.1674 0.275156
6700 15.1909 0.272051
6800 15.1928 0.268057
6900 15.2448 0.269182
7000 15.2737 0.266878
7100 15.3078 0.265295
7200 15.309 0.261613
7300 15.2904 0.258689
7400 15.2589 0.257102
7500 15.2439 0.254113
7600 15.2505 0.250857
7700 15.2849 0.249946
7800 15.2776 0.24685
7900 15.2867 0.243893
8000 15.2828 0.240875
8100 15.3343 0.243343
8200 15.3328 0.24038
8300 15.3088 0.23868
8400 15.2798 0.237598
8500 15.2798 0.234803
8600 15.2909 0.232337
8700 15.272 0.23044
8800 15.2707 0.227825
8900 15.2649 0.22534
9000 15.3269 0.231217
9100 15.3177 0.228861
9200 15.2789 0.229643
9300 15.2794 0.227174
9400 15.2465 0.227123
9500 15.2347 0.225039
9600 15.2443 0.222899
9700 15.2449 0.220602
9800 15.2139 0.220512
9900 15.2015 0.218634
10000 15.1936 0.216592
