100 5.61667 0
200 5.31473 0.213504
300 4.83726 0.415022
400 4.707 0.331079
500 4.78691 0.274338
600 4.85139 0.236072
700 4.70001 0.246145
800 4.66712 0.217563
900 4.63775 0.195362
1000 4.64898 0.176148
1100 4.77607 0.20082
1200 4.83438 0.192363
1300 4.92391 0.197305
1400 4.93733 0.183667
1500 4.95745 0.172522
1600 4.96896 0.162123
1700 5.03439 0.165263
1800 5.05797 0.157755
1900 5.10229 0.155552
2000 5.14707 0.154086
2100 5.15973 0.147267
2200 5.25285 0.16745
2300 5.23109 0.161577
2400 5.25008 0.155957
2500 5.30667 0.159657
2600 5.31766 0.153893
2700 5.34834 0.151221
2800 5.36766 0.14705
2900 5.37899 0.142415
3000 5.33756 0.143568
3100 5.32104 0.139884
3200 5.29318 0.138259
3300 5.31273 0.135444
3400 5.32709 0.132219
3500 5.34409 0.12953
3600 5.37372 0.129277
3700 5.38683 0.126445
3800 5.41457 0.126125
3900 5.46471 0.132484
4000 5.48381 0.130542
4100 5.47075 0.128011
4200 5.46505 0.125089
4300 5.48694 0.124081
4400 5.47155 0.122211
4500 5.46272 0.119814
4600 5.46172 0.117214
4700 5.47465 0.115432
4800 5.4995 0.11567
4900 5.4724 0.116441
5000 5.47219 0.114113
5100 5.47743 0.111995
5200 5.52569 0.11979
5300 5.53677 0.118041
5400 5.53314 0.115911
5500 5.5403 0.114024
5600 5.54074 0.111989
5700 5.57488 0.115109
5800 5.58527 0.113592
5900 5.58208 0.111712
6000 5.57932 0.109884
6100 5.56887 0.108579
6200 5.55066 0.108343
6300 5.55024 0.106625
6400 5.55195 0.104972
6500 5.52727 0.106218
6600 5.53374 0.104805
6700 5.51024 0.105843
6800 5.50279 0.104548
6900 5.49823 0.103133
7000 5.50923 0.102245
7100 5.48693 0.103209
7200 5.49607 0.10218
7300 5.50034 0.100869
7400 5.50169 0.0995152
7500 5.49725 0.0982875
7600 5.5101 0.0978304
7700 5.4986 0.0972338
7800 5.50144 0.0960289
7900 5.48394 0.0963949
8000 5.47351 0.0957525
8100 5.46212 0.0952455
8200 5.46557 0.0941463
8300 5.47781 0.0938048
8400 5.50253 0.0958899
8500 5.47356 0.0990425
8600 5.47699 0.0979502
8700 5.46508 0.0975454
8800 5.47677 0.0971348
8900 5.4677 0.0964662
9000 5.45799 0.0958818
9100 5.45556 0.0948588
9200 5.44733 0.0941848
9300 5.44921 0.0931909
9400 5.45531 0.0923991
9500 5.45231 0.091475
9600 5.45649 0.0906175
9700 5.44845 0.0900396
9800 5.46693 0.0909968
9900 5.46118 0.0902591
10000 5.44741 0.0903999
