           1    0.799632           0
           2    0.801021 0.000982083
           3    0.802109  0.00110367
           4    0.801805  0.00086871
           5    0.800852  0.00109932
           6    0.800691 0.000927885
           7    0.800712 0.000795575
           8    0.800257 0.000816073
           9    0.800221 0.000726179
          10    0.800879 0.000903946
          11    0.800816 0.000823965
          12    0.800962 0.000768052
          13    0.801026 0.000711641
          14    0.801133 0.000668784
          15    0.801205 0.000628044
          16    0.801063 0.000604503
          17     0.80125 0.000596984
          18    0.801376 0.000577067
          19    0.801208 0.000570749
          20     0.80142 0.000580222
          21    0.801002 0.000686777
          22    0.801231 0.000692687
          23     0.80072 0.000829672
          24    0.800803 0.000799222
          25    0.800815 0.000767352
          26    0.800965 0.000752363
          27    0.800912  0.00072639
          28    0.801037 0.000711192
          29    0.801155 0.000696233
          30    0.801201 0.000674545
          31    0.801096 0.000660826
          32    0.800947  0.00065684
          33    0.801019 0.000640926
          34    0.800974 0.000623696
          35    0.801049 0.000610435
          36    0.800866  0.00062046
          37    0.800855 0.000603778
          38    0.800829  0.00058845
          39    0.800847 0.000573639
          40     0.80077 0.000564468
          41    0.800786 0.000550914
          42    0.800752 0.000538847
          43    0.800857 0.000536551
          44    0.800967 0.000535581
          45    0.800846 0.000537237
          46    0.800869 0.000526036
          47    0.800912 0.000516604
          48    0.801096 0.000537576
          49    0.801071 0.000527169
          50    0.800975 0.000525354
          51     0.80098 0.000515079
          52    0.801135 0.000528001
          53    0.801222 0.000525105
          54    0.801168 0.000518141
          55     0.80115 0.000509032
          56    0.801187 0.000501253
          57    0.801159   0.0004932
          58    0.801162 0.000484703
          59    0.801116 0.000478666
          60    0.801157 0.000472413
          61    0.801095  0.00046871
          62    0.801017 0.000467541
          63    0.801074 0.000463563
          64    0.800993 0.000463345
          65    0.801013 0.000456637
          66    0.801067 0.000452935
          67    0.800957 0.000459204
          68    0.800932 0.000453173
          69    0.800957 0.000447329
          70    0.800931 0.000441692
          71    0.800965 0.000436764
          72    0.800942 0.000431306
          73    0.800878 0.000430085
          74    0.800862  0.00042457
          75    0.800755 0.000432277
          76    0.800783 0.000427474
          77    0.800841 0.000425953
          78    0.800797 0.000422816
          79    0.800844 0.000420045
          80    0.800807 0.000416348
          81     0.80086 0.000414457
          82    0.800755 0.000422299
          83    0.800834 0.000424446
          84    0.800776  0.00042332
          85    0.800744 0.000419568
          86    0.800779 0.000416176
          87    0.800732 0.000414105
          88    0.800704 0.000410327
          89     0.80069 0.000405956
          90     0.80075 0.000405895
          91    0.800739 0.000401572
          92    0.800645 0.000408235
          93    0.800656  0.00040401
          94    0.800596 0.000404263
          95    0.800639 0.000402317
          96    0.800628 0.000398283
          97    0.800635 0.000394253
          98    0.800639 0.000390244
          99    0.800634 0.000386328
         100     0.80066 0.000383346
