           1    -6.65886           0
           2    -6.66116  0.00162734
           3    -6.66247  0.00152286
           4    -6.66227  0.00115572
           5    -6.66095  0.00149872
           6    -6.66079  0.00125712
           7    -6.66069  0.00108123
           8    -6.65992  0.00119026
           9    -6.65977  0.00106788
          10     -6.6608  0.00137396
          11    -6.66075     0.00125
          12      -6.661  0.00116958
          13    -6.66116  0.00109031
          14    -6.66129  0.00102079
          15     -6.6615 0.000974778
          16     -6.6613 0.000935464
          17    -6.66162 0.000935738
          18    -6.66189 0.000921282
          19    -6.66167 0.000898486
          20    -6.66195 0.000895957
          21    -6.66126  0.00108701
          22    -6.66164   0.0011007
          23    -6.66083  0.00131577
          24    -6.66093  0.00126453
          25    -6.66092    0.001214
          26    -6.66118  0.00119524
          27    -6.66113  0.00115218
          28    -6.66136   0.0011354
          29    -6.66152   0.0011074
          30    -6.66162  0.00107467
          31    -6.66144  0.00105488
          32    -6.66125  0.00103921
          33    -6.66134  0.00101178
          34    -6.66124 0.000987397
          35    -6.66138 0.000969672
          36    -6.66111 0.000980347
          37    -6.66112 0.000953885
          38     -6.6611 0.000929011
          39    -6.66116 0.000907275
          40    -6.66103  0.00089348
          41    -6.66106 0.000872337
          42    -6.66104 0.000852048
          43     -6.6612 0.000848633
          44    -6.66136 0.000843056
          45    -6.66117 0.000845158
          46    -6.66123 0.000829108
          47    -6.66128 0.000813044
          48    -6.66154 0.000835761
          49     -6.6615 0.000819703
          50    -6.66136 0.000815306
          51    -6.66139 0.000800151
          52    -6.66165 0.000823784
          53    -6.66178 0.000818626
          54    -6.66171 0.000806526
          55    -6.66168 0.000792228
          56    -6.66173 0.000779397
          57    -6.66168 0.000767044
          58    -6.66167 0.000753875
          59     -6.6616 0.000745083
          60    -6.66165 0.000734571
          61    -6.66154 0.000731025
          62    -6.66143 0.000727277
          63    -6.66153 0.000722722
          64    -6.66139 0.000724132
          65    -6.66143 0.000713725
          66    -6.66151 0.000707557
          67    -6.66135 0.000714491
          68     -6.6613 0.000705618
          69    -6.66135 0.000697362
          70    -6.66131  0.00068912
          71    -6.66136 0.000681267
          72    -6.66132 0.000672611
          73    -6.66124 0.000668458
          74    -6.66122 0.000659709
          75    -6.66105 0.000672789
          76    -6.66109 0.000665041
          77    -6.66118 0.000662306
          78    -6.66112 0.000655911
          79    -6.66119 0.000650544
          80    -6.66113 0.000644826
          81    -6.66122 0.000642908
          82    -6.66107 0.000653211
          83    -6.66118 0.000655031
          84    -6.66107 0.000655487
          85    -6.66102 0.000650126
          86    -6.66109 0.000646703
          87    -6.66102 0.000643257
          88    -6.66098 0.000636885
          89    -6.66097 0.000629991
          90    -6.66106 0.000630603
          91    -6.66105 0.000623776
          92    -6.66091 0.000634024
          93    -6.66091 0.000627217
          94    -6.66079 0.000631233
          95    -6.66086 0.000627845
          96    -6.66084 0.000621575
          97    -6.66085 0.000615212
          98    -6.66085  0.00060894
          99    -6.66084 0.000602977
         100    -6.66088 0.000598666
