           1     1.19945           0
           2     1.20153  0.00147313
           3     1.20316  0.00165551
           4     1.20271  0.00130307
           5     1.20128  0.00164898
           6     1.20104  0.00139183
           7     1.20107  0.00119336
           8     1.20039  0.00122411
           9     1.20033  0.00108927
          10     1.20132  0.00135592
          11     1.20122  0.00123595
          12     1.20144  0.00115208
          13     1.20154  0.00106746
          14      1.2017  0.00100318
          15     1.20181 0.000942066
          16     1.20159 0.000906755
          17     1.20187 0.000895477
          18     1.20206 0.000865601
          19     1.20181 0.000856123
          20     1.20213 0.000870333
          21      1.2015  0.00103017
          22     1.20185  0.00103903
          23     1.20108  0.00124451
          24      1.2012  0.00119883
          25     1.20122  0.00115103
          26     1.20145  0.00112854
          27     1.20137  0.00108959
          28     1.20156  0.00106679
          29     1.20173  0.00104435
          30      1.2018  0.00101182
          31     1.20164  0.00099124
          32     1.20142  0.00098526
          33     1.20153 0.000961389
          34     1.20146 0.000935544
          35     1.20157 0.000915653
          36      1.2013  0.00093069
          37     1.20128 0.000905666
          38     1.20124 0.000882675
          39     1.20127 0.000860459
          40     1.20116 0.000846702
          41     1.20118 0.000826371
          42     1.20113 0.000808271
          43     1.20129 0.000804826
          44     1.20145 0.000803372
          45     1.20127 0.000805855
          46      1.2013 0.000789054
          47     1.20137 0.000774907
          48     1.20164 0.000806365
          49     1.20161 0.000790753
          50     1.20146 0.000788031
          51     1.20147 0.000772619
          52      1.2017 0.000792002
          53     1.20183 0.000787657
          54     1.20175 0.000777212
          55     1.20172 0.000763548
          56     1.20178  0.00075188
          57     1.20174   0.0007398
          58     1.20174 0.000727055
          59     1.20167 0.000717999
          60     1.20173  0.00070862
          61     1.20164 0.000703065
          62     1.20153 0.000701312
          63     1.20161 0.000695344
          64     1.20149 0.000695017
          65     1.20152 0.000684955
          66      1.2016 0.000679402
          67     1.20144 0.000688805
          68      1.2014  0.00067976
          69     1.20144 0.000670993
          70      1.2014 0.000662538
          71     1.20145 0.000655146
          72     1.20141 0.000646958
          73     1.20132 0.000645128
          74     1.20129 0.000636854
          75     1.20113 0.000648415
          76     1.20117 0.000641211
          77     1.20126  0.00063893
          78      1.2012 0.000634225
          79     1.20127 0.000630068
          80     1.20121 0.000624522
          81     1.20129 0.000621686
          82     1.20113 0.000633449
          83     1.20125 0.000636669
          84     1.20116  0.00063498
          85     1.20112 0.000629352
          86     1.20117 0.000624264
          87      1.2011 0.000621157
          88     1.20106 0.000615491
          89     1.20103 0.000608934
          90     1.20113 0.000608843
          91     1.20111 0.000602358
          92     1.20097 0.000612352
          93     1.20098 0.000606016
          94     1.20089 0.000606395
          95     1.20096 0.000603476
          96     1.20094 0.000597424
          97     1.20095  0.00059138
          98     1.20096 0.000585366
          99     1.20095 0.000579491
         100     1.20099 0.000575018
