           1    -5.45941           0
           2    -5.45963 0.000154212
           3    -5.45931 0.000283356
           4    -5.45956 0.000304998
           5    -5.45967 0.000262987
           6    -5.45975 0.000232595
           7    -5.45963 0.000232191
           8    -5.45954 0.000219624
           9    -5.45944  0.00021684
          10    -5.45948 0.000200312
          11    -5.45953 0.000186785
          12    -5.45955 0.000173093
          13    -5.45962 0.000170672
          14    -5.45959 0.000160295
          15     -5.4597 0.000181074
          16     -5.4597 0.000169845
          17    -5.45975 0.000166258
          18    -5.45983 0.000174384
          19    -5.45986 0.000168391
          20    -5.45982 0.000164304
          21    -5.45976 0.000168207
          22    -5.45979 0.000163666
          23    -5.45975 0.000161608
          24    -5.45972 0.000157099
          25     -5.4597 0.000153567
          26    -5.45973 0.000152041
          27    -5.45976 0.000148665
          28    -5.45981 0.000151565
          29    -5.45979 0.000147182
          30    -5.45982 0.000144797
          31     -5.4598 0.000141898
          32    -5.45983 0.000141078
          33    -5.45981 0.000137801
          34    -5.45978 0.000138381
          35    -5.45981 0.000137849
          36    -5.45981 0.000134043
          37    -5.45983 0.000132485
          38    -5.45985  0.00013024
          39    -5.45989 0.000131559
          40    -5.45988 0.000128773
          41    -5.45989 0.000126082
          42    -5.45991 0.000125001
          43    -5.45992 0.000122469
          44    -5.45991 0.000120305
          45     -5.4599 0.000117818
          46    -5.45993 0.000118703
          47    -5.45991 0.000116938
          48     -5.4599 0.000115997
          49    -5.45989 0.000113697
          50     -5.4599 0.000111484
          51    -5.45992 0.000112996
          52    -5.45994 0.000112644
          53    -5.45995 0.000110525
          54    -5.45996 0.000108933
          55    -5.45996 0.000106984
          56    -5.45995 0.000105465
          57    -5.45994 0.000103711
          58    -5.45993 0.000102749
          59    -5.45992 0.000101368
          60    -5.45992 9.99691e-05
          61     -5.4599 0.000100148
          62     -5.4599 9.88334e-05
          63    -5.45992 9.85205e-05
          64    -5.45991 9.80545e-05
          65    -5.45991 9.65914e-05
          66    -5.45991 9.51279e-05
          67    -5.45991 9.38859e-05
          68     -5.4599 9.30037e-05
          69    -5.45992 9.27564e-05
          70    -5.45991 9.19742e-05
          71    -5.45991 9.06789e-05
          72    -5.45991 8.94308e-05
          73    -5.45992  8.9143e-05
          74    -5.45993   8.805e-05
          75    -5.45992 8.74681e-05
          76    -5.45991 8.63664e-05
          77    -5.45991 8.52463e-05
          78    -5.45993 8.53106e-05
          79    -5.45992 8.46104e-05
          80    -5.45992 8.35732e-05
          81    -5.45993 8.31743e-05
          82    -5.45993  8.2197e-05
          83    -5.45993 8.13482e-05
          84    -5.45991 8.22426e-05
          85     -5.4599 8.15856e-05
          86    -5.45992 8.31561e-05
          87    -5.45992 8.22021e-05
          88    -5.45993  8.1556e-05
          89    -5.45993 8.06854e-05
          90    -5.45994 8.01672e-05
          91    -5.45994 7.94106e-05
          92    -5.45994 7.86811e-05
          93    -5.45993  7.9029e-05
          94     -5.4599 8.20701e-05
          95     -5.4599 8.12092e-05
          96     -5.4599 8.03789e-05
          97    -5.45989 7.96631e-05
          98    -5.45989 7.88787e-05
          99    -5.45988 7.85307e-05
         100    -5.45989 7.80052e-05
