-3 5e-07 3.69309e-07
-2.94 4.50002e-06 1.39154e-06
-2.88 5.5001e-06 1.81131e-06
-2.82 1.36667e-05 2.55365e-06
-2.76 1.81667e-05 3.2922e-06
-2.7 3.96667e-05 3.79898e-06
-2.64 6.41667e-05 5.91314e-06
-2.58 0.000132667 8.59561e-06
-2.52 0.000193 9.75585e-06
-2.46 0.000353167 1.24358e-05
-2.4 0.000521333 1.4405e-05
-2.34 0.000917833 2.02927e-05
-2.28 0.00149133 2.81321e-05
-2.22 0.0022785 3.03785e-05
-2.16 0.003601 3.82803e-05
-2.1 0.0053115 4.88198e-05
-2.04 0.0078985 5.87636e-05
-1.98 0.011324 7.53817e-05
-1.92 0.0164545 9.13341e-05
-1.86 0.0228902 0.00010334
-1.8 0.0311593 0.000125023
-1.74 0.042561 0.000127423
-1.68 0.056589 0.000165684
-1.62 0.0733395 0.00018529
-1.56 0.0935647 0.000225643
-1.5 0.117462 0.000242616
-1.44 0.143651 0.000256502
-1.38 0.173018 0.000300205
-1.32 0.204818 0.000314458
-1.26 0.238256 0.000313435
-1.2 0.271765 0.00035826
-1.14 0.304252 0.000364359
-1.08 0.334696 0.000340766
-1.02 0.361557 0.000442499
-0.96 0.383577 0.000433399
-0.9 0.400957 0.000400316
-0.84 0.412841 0.000447751
-0.78 0.41855 0.000462858
-0.72 0.417872 0.000448813
-0.66 0.411913 0.000453831
-0.6 0.401929 0.000411629
-0.54 0.387558 0.000422834
-0.48 0.371834 0.000390463
-0.42 0.355304 0.000397972
-0.36 0.339182 0.000456897
-0.3 0.32277 0.000359658
-0.24 0.310319 0.000376713
-0.18 0.299498 0.000316153
-0.12 0.291233 0.000315073
-0.06 0.287985 0.000365407
0 0.288678 0.000329073
0.06 0.291487 0.000342533
0.12 0.298975 0.00036195
0.18 0.309487 0.000304784
0.24 0.323098 0.000359701
0.3 0.338163 0.000438466
0.36 0.355005 0.000395393
0.42 0.371337 0.000366884
0.48 0.387742 0.000404236
0.54 0.400779 0.000425426
0.6 0.41133 0.00043838
0.66 0.417875 0.000440826
0.72 0.418658 0.000447499
0.78 0.413208 0.000511048
0.84 0.402139 0.000427253
0.9 0.383619 0.000459254
0.96 0.361599 0.000406459
1.02 0.3347 0.00036239
1.08 0.304886 0.000367365
1.14 0.271852 0.000332184
1.2 0.238412 0.000304899
1.26 0.204717 0.000315735
1.32 0.17303 0.000263082
1.38 0.144382 0.000254317
1.44 0.1173 0.000264618
1.5 0.0936635 0.000201016
1.56 0.0731853 0.000190908
1.62 0.0566567 0.00016884
1.68 0.0425488 0.000141925
1.74 0.0316357 0.000121661
1.8 0.0228458 0.000106292
1.86 0.016323 8.71536e-05
1.92 0.0113903 6.64058e-05
1.98 0.00780917 5.73694e-05
2.04 0.00529133 4.72724e-05
2.1 0.00348 4.62e-05
2.16 0.0022155 2.86195e-05
2.22 0.00141633 2.65445e-05
2.28 0.000906167 2.04704e-05
2.34 0.0005435 1.48247e-05
2.4 0.000329833 1.19729e-05
2.46 0.000189 9.46403e-06
2.52 0.000112167 7.0311e-06
2.58 6.5e-05 6.32675e-06
2.64 3.8e-05 4.42895e-06
2.7 2.1e-05 3.50888e-06
2.76 1.01667e-05 1.76218e-06
2.82 4.33333e-06 1.44568e-06
2.88 1.5e-06 7.85104e-07
2.94 1.16667e-06 1.00706e-06
