0 -0.444106 0
1 -0.444456 0.000247334
2 -0.443835 0.000533076
3 -0.443603 0.000447493
4 -0.443821 0.000407598
5 -0.443909 0.000349181
6 -0.443918 0.000299417
7 -0.444043 0.000286661
8 -0.443998 0.000258308
9 -0.444087 0.000247398
10 -0.444186 0.0002438
11 -0.444229 0.000227363
12 -0.444221 0.00021004
13 -0.444206 0.00019554
14 -0.444271 0.000192851
15 -0.444218 0.000187877
16 -0.444245 0.000178728
17 -0.444196 0.000175282
18 -0.444135 0.000176533
19 -0.444128 0.000167843
20 -0.444149 0.000161147
21 -0.444184 0.000157777
22 -0.444224 0.000155784
23 -0.444233 0.000149532
24 -0.444188 0.000150045
25 -0.444264 0.000162537
26 -0.444244 0.000157819
27 -0.44425 0.000152299
28 -0.444247 0.000147073
29 -0.444275 0.000144741
30 -0.444254 0.000141496
31 -0.44425 0.000137135
32 -0.444262 0.00013353
33 -0.444226 0.000134404
34 -0.444256 0.000133762
35 -0.44423 0.000132583
36 -0.444228 0.000129007
37 -0.444184 0.000132818
38 -0.444198 0.000130101
39 -0.444207 0.000127191
40 -0.44422 0.000124695
41 -0.444201 0.000123113
42 -0.444206 0.000120335
43 -0.444219 0.000118284
44 -0.444215 0.0001157
45 -0.444191 0.000115669
46 -0.444225 0.000117948
47 -0.444221 0.000115562
48 -0.444187 0.000118041
49 -0.444208 0.000117559
50 -0.444208 0.000115254
51 -0.444208 0.000113038
52 -0.444227 0.000112365
53 -0.444214 0.000111023
54 -0.444216 0.000109036
55 -0.444206 0.000107544
56 -0.444204 0.00010568
57 -0.444213 0.000104196
58 -0.444213 0.00010243
59 -0.444189 0.000103442
60 -0.444187 0.000101772
61 -0.444182 0.000100243
62 -0.444167 9.96738e-05
63 -0.444145 0.000100671
64 -0.444142 9.91553e-05
65 -0.444136 9.78258e-05
66 -0.44413 9.65606e-05
67 -0.444123 9.5421e-05
68 -0.44413 9.42978e-05
69 -0.444131 9.29665e-05
70 -0.444142 9.23075e-05
71 -0.444144 9.10385e-05
72 -0.444158 9.08293e-05
73 -0.444164 8.98388e-05
74 -0.44416 8.87616e-05
75 -0.44417 8.82037e-05
76 -0.444158 8.78602e-05
77 -0.444172 8.77579e-05
78 -0.444174 8.66913e-05
79 -0.444192 8.74272e-05
80 -0.444214 8.91083e-05
81 -0.444232 8.96815e-05
82 -0.444231 8.86048e-05
83 -0.444226 8.76667e-05
84 -0.444224 8.66743e-05
85 -0.44423 8.58597e-05
86 -0.444233 8.49372e-05
87 -0.444238 8.41167e-05
88 -0.444231 8.34566e-05
89 -0.444249 8.4443e-05
90 -0.444237 8.44e-05
91 -0.444244 8.38336e-05
92 -0.444241 8.30013e-05
93 -0.444253 8.29615e-05
94 -0.444249 8.21603e-05
95 -0.44426 8.20488e-05
96 -0.444268 8.15271e-05
97 -0.444278 8.13012e-05
98 -0.444269 8.09118e-05
99 -0.444261 8.05155e-05
