0.795      0.61 -0.443798
0.795     0.611 -0.443931
0.795     0.612 -0.444337
0.795     0.613 -0.444207
0.795     0.614 -0.444443
0.795     0.615 -0.444356
0.795     0.616 -0.444252
0.795     0.617 -0.444279
0.795     0.618 -0.444276
0.795     0.619 -0.444368
0.795      0.62 -0.444222
0.796      0.61 -0.444276
0.796     0.611 -0.444265
0.796     0.612 -0.444039
0.796     0.613  -0.44417
0.796     0.614 -0.444354
0.796     0.615  -0.44419
0.796     0.616 -0.444355
0.796     0.617 -0.444379
0.796     0.618 -0.444313
0.796     0.619 -0.444245
0.796      0.62 -0.444273
0.797      0.61 -0.444158
0.797     0.611 -0.444331
0.797     0.612 -0.444373
0.797     0.613 -0.444335
0.797     0.614 -0.444621
0.797     0.615  -0.44439
0.797     0.616 -0.444357
0.797     0.617 -0.444548
0.797     0.618 -0.444437
0.797     0.619 -0.444116
0.797      0.62 -0.444201
0.798      0.61 -0.443668
0.798     0.611 -0.444357
0.798     0.612 -0.444092
0.798     0.613 -0.444503
0.798     0.614 -0.444402
0.798     0.615  -0.44428
0.798     0.616 -0.444288
0.798     0.617 -0.444284
0.798     0.618 -0.444029
0.798     0.619 -0.444225
0.798      0.62 -0.444074
0.799      0.61 -0.444208
0.799     0.611 -0.444025
0.799     0.612 -0.444141
0.799     0.613 -0.444441
0.799     0.614 -0.444247
0.799     0.615 -0.444291
0.799     0.616 -0.444004
0.799     0.617 -0.444203
0.799     0.618 -0.444346
0.799     0.619 -0.444306
0.799      0.62  -0.44445
0.8      0.61 -0.443884
0.8     0.611 -0.444288
0.8     0.612 -0.444424
0.8     0.613 -0.444374
0.8     0.614 -0.444498
0.8     0.615 -0.444418
0.8     0.616 -0.444322
0.8     0.617 -0.444507
0.8     0.618 -0.444487
0.8     0.619 -0.444297
0.8      0.62 -0.444052
0.801      0.61 -0.444138
0.801     0.611 -0.444156
0.801     0.612 -0.444292
0.801     0.613 -0.444252
0.801     0.614 -0.444468
0.801     0.615 -0.444455
0.801     0.616 -0.444393
0.801     0.617  -0.44399
0.801     0.618 -0.444332
0.801     0.619 -0.444348
0.801      0.62 -0.444358
0.802      0.61 -0.444178
0.802     0.611 -0.444175
0.802     0.612 -0.444189
0.802     0.613 -0.444381
0.802     0.614 -0.444008
0.802     0.615 -0.444387
0.802     0.616 -0.444331
0.802     0.617 -0.444071
0.802     0.618 -0.444376
0.802     0.619 -0.444485
0.802      0.62 -0.444455
0.803      0.61 -0.444131
0.803     0.611 -0.444357
0.803     0.612 -0.444122
0.803     0.613 -0.444334
0.803     0.614 -0.444353
0.803     0.615 -0.443954
0.803     0.616 -0.444097
0.803     0.617 -0.444315
0.803     0.618 -0.444599
0.803     0.619 -0.444284
0.803      0.62 -0.444126
0.804      0.61 -0.444346
0.804     0.611 -0.444222
0.804     0.612 -0.444363
0.804     0.613 -0.444476
0.804     0.614 -0.444084
0.804     0.615 -0.444319
0.804     0.616 -0.444238
0.804     0.617 -0.444434
0.804     0.618 -0.444233
0.804     0.619 -0.443805
0.804      0.62  -0.44416
0.805      0.61  -0.44407
0.805     0.611 -0.444107
0.805     0.612 -0.444242
0.805     0.613 -0.444294
0.805     0.614 -0.444426
0.805     0.615 -0.444371
0.805     0.616 -0.444155
0.805     0.617 -0.444235
0.805     0.618 -0.444298
0.805     0.619 -0.443962
0.805      0.62 -0.444176
0.806      0.61 -0.443821
0.806     0.611  -0.44416
0.806     0.612 -0.444027
0.806     0.613 -0.444142
0.806     0.614 -0.444279
0.806     0.615  -0.44395
0.806     0.616 -0.443932
0.806     0.617 -0.444537
0.806     0.618 -0.444367
0.806     0.619 -0.444381
0.806      0.62 -0.443951
0.807      0.61 -0.443994
0.807     0.611 -0.444237
0.807     0.612 -0.444336
0.807     0.613 -0.444038
0.807     0.614 -0.444296
0.807     0.615 -0.444224
0.807     0.616 -0.444468
0.807     0.617 -0.444486
0.807     0.618 -0.444402
0.807     0.619 -0.444154
0.807      0.62 -0.443943
0.808      0.61 -0.443914
0.808     0.611 -0.443635
0.808     0.612 -0.443937
0.808     0.613 -0.443682
0.808     0.614 -0.443979
0.808     0.615 -0.443975
0.808     0.616 -0.444117
0.808     0.617 -0.444077
0.808     0.618  -0.44407
0.808     0.619 -0.443979
0.808      0.62 -0.444001
0.809      0.61 -0.443527
0.809     0.611 -0.443889
0.809     0.612  -0.44401
0.809     0.613  -0.44394
0.809     0.614 -0.444039
0.809     0.615 -0.444032
0.809     0.616 -0.443995
0.809     0.617 -0.444437
0.809     0.618 -0.443947
0.809     0.619 -0.444241
0.809      0.62 -0.443939
0.81      0.61 -0.443726
0.81     0.611  -0.44381
0.81     0.612  -0.44371
0.81     0.613  -0.44404
0.81     0.614 -0.444098
0.81     0.615 -0.443815
0.81     0.616 -0.443867
0.81     0.617 -0.443856
0.81     0.618 -0.443926
0.81     0.619 -0.443722
0.81      0.62 -0.443638
