           1     1.64574           0
           2     1.65166  0.00417975
           3     1.64595  0.00543033
           4     1.64216  0.00523183
           5     1.65016  0.00829121
           6     1.65128  0.00698538
           7     1.65641  0.00764008
           8     1.66016    0.007549
           9     1.66022  0.00671046
          10     1.65276  0.00930492
          11     1.65107  0.00861129
          12     1.65088  0.00789567
          13     1.65233  0.00742024
          14     1.65384  0.00704107
          15     1.65534  0.00673087
          16     1.65464  0.00634705
          17     1.65628  0.00618206
          18     1.65649  0.00584237
          19     1.65635  0.00553661
          20     1.65502  0.00541745
          21     1.65515  0.00516107
          22     1.65563  0.00494873
          23     1.65348    0.005181
          24     1.65461  0.00508683
          25     1.65422  0.00489809
          26     1.65518  0.00480326
          27     1.65592  0.00468248
          28     1.65658  0.00456066
          29     1.65592  0.00445069
          30     1.65447  0.00453142
          31     1.65256  0.00477298
          32     1.65132  0.00478081
          33      1.6508  0.00466393
          34     1.64993  0.00460876
          35     1.64918  0.00453694
          36     1.64732  0.00477884
          37     1.64707  0.00465584
          38     1.64742  0.00454651
          39     1.64663  0.00449931
          40     1.64659  0.00438701
          41     1.64782   0.0044505
          42     1.64632  0.00458965
          43     1.64607  0.00449001
          44     1.64719   0.0045269
          45     1.64723  0.00442643
          46     1.64725  0.00433026
          47     1.64691  0.00425132
          48     1.64792  0.00427985
          49     1.64699  0.00429218
          50     1.64799   0.0043211
          51     1.64771  0.00424529
          52     1.64751   0.0041683
          53     1.64689  0.00413504
          54     1.64732  0.00408057
          55     1.64642  0.00410406
          56      1.6467  0.00404035
          57     1.64668  0.00396952
          58     1.64744  0.00397285
          59     1.64685  0.00394879
          60     1.64703   0.0038872
          61     1.64757  0.00386011
          62     1.64724  0.00381221
          63     1.64779  0.00379103
          64     1.64775  0.00373198
          65     1.64822  0.00370469
          66     1.64823  0.00364856
          67     1.64836   0.0035964
          68     1.64823   0.0035456
          69     1.64746  0.00357808
          70     1.64704  0.00355171
          71     1.64693  0.00350334
          72     1.64617  0.00353621
          73     1.64608  0.00348891
          74     1.64644  0.00346042
          75     1.64643   0.0034143
          76     1.64668  0.00337876
          77     1.64707  0.00335704
          78      1.6474  0.00333049
          79     1.64701  0.00331128
          80       1.647  0.00326992
          81     1.64681  0.00323517
          82     1.64648  0.00321172
          83     1.64618  0.00318762
          84     1.64617  0.00314969
          85     1.64653  0.00313328
          86     1.64636  0.00310137
          87     1.64644  0.00306667
          88     1.64602  0.00306006
          89     1.64627  0.00303607
          90     1.64607  0.00300886
          91     1.64591  0.00298041
          92     1.64609  0.00295377
          93      1.6465  0.00295076
          94     1.64621  0.00293445
          95     1.64627  0.00290424
          96     1.64652  0.00288463
          97     1.64692  0.00288275
          98     1.64721  0.00286794
          99     1.64783  0.00290498
         100      1.6481  0.00288847
