           1    -3.38061           0
           2    -3.38005 0.000392332
           3    -3.37932 0.000651053
           4    -3.37877 0.000686635
           5    -3.37882 0.000551477
           6    -3.37881 0.000459605
           7    -3.37871 0.000405379
           8    -3.37902 0.000455443
           9    -3.37908 0.000408984
          10    -3.37901 0.000374259
          11    -3.37901 0.000340308
          12    -3.37898 0.000313699
          13    -3.37897 0.000289607
          14    -3.37902   0.0002728
          15    -3.37914 0.000278428
          16    -3.37924 0.000280324
          17    -3.37921 0.000265992
          18    -3.37914 0.000259848
          19    -3.37917 0.000247674
          20    -3.37915 0.000236113
          21    -3.37906 0.000241795
          22    -3.37898 0.000242675
          23     -3.3788 0.000293955
          24    -3.37885 0.000286659
          25    -3.37878  0.00028474
          26    -3.37878 0.000273895
          27    -3.37874  0.00026684
          28    -3.37878 0.000259673
          29    -3.37879  0.00025095
          30    -3.37869 0.000260781
          31     -3.3786 0.000268845
          32    -3.37853 0.000269688
          33    -3.37849 0.000263836
          34    -3.37847 0.000256584
          35    -3.37841 0.000256232
          36     -3.3784 0.000249334
          37    -3.37836 0.000245729
          38    -3.37839 0.000240872
          39    -3.37839 0.000234743
          40    -3.37842 0.000231162
          41    -3.37837  0.00023088
          42    -3.37831 0.000233616
          43    -3.37835  0.00023138
          44    -3.37842 0.000237582
          45    -3.37849 0.000242317
          46    -3.37844 0.000241827
          47    -3.37845 0.000236757
          48    -3.37847 0.000232709
          49    -3.37847 0.000227985
          50    -3.37849 0.000224106
          51     -3.3785 0.000220175
          52    -3.37852  0.00021697
          53    -3.37856 0.000215677
          54    -3.37853 0.000214055
          55    -3.37845 0.000222246
          56    -3.37844 0.000218519
          57    -3.37846 0.000215394
          58    -3.37843  0.00021412
          59    -3.37843 0.000210514
          60    -3.37845 0.000208028
          61    -3.37848 0.000208061
          62    -3.37847 0.000205321
          63    -3.37852 0.000208066
          64     -3.3785 0.000206086
          65    -3.37847 0.000204489
          66    -3.37845 0.000202746
          67    -3.37846 0.000200062
          68    -3.37844 0.000197652
          69    -3.37845  0.00019485
          70    -3.37843 0.000193224
          71    -3.37842 0.000190702
          72    -3.37841 0.000188181
          73     -3.3784 0.000185796
          74    -3.37838 0.000184997
          75    -3.37839 0.000182814
          76    -3.37839 0.000180413
          77    -3.37841 0.000179244
          78    -3.37842 0.000177011
          79    -3.37839 0.000176271
          80    -3.37839 0.000174139
          81    -3.37836 0.000173934
          82    -3.37837 0.000171875
          83    -3.37837 0.000169804
          84     -3.3784 0.000170378
          85    -3.37841 0.000169399
          86    -3.37842  0.00016743
          87     -3.3784 0.000166191
          88     -3.3784  0.00016431
          89    -3.37841 0.000162769
          90    -3.37839  0.00016273
          91    -3.37836 0.000162766
          92    -3.37838 0.000161509
          93    -3.37841 0.000163258
          94    -3.37843 0.000162491
          95    -3.37847 0.000166949
          96    -3.37852 0.000170815
          97    -3.37853 0.000169469
          98    -3.37855 0.000169182
          99    -3.37854 0.000167866
         100    -3.37853 0.000166469
