           1     1.09716           0
           2      1.1011   0.0027865
           3      1.0973  0.00362022
           4     1.09477  0.00348789
           5      1.1001  0.00552748
           6     1.10086  0.00465692
           7     1.10427  0.00509339
           8     1.10677  0.00503266
           9     1.10681  0.00447364
          10     1.10184  0.00620328
          11     1.10071  0.00574086
          12     1.10059  0.00526378
          13     1.10155  0.00494683
          14     1.10256  0.00469405
          15     1.10356  0.00448725
          16     1.10309  0.00423137
          17     1.10418  0.00412137
          18     1.10433  0.00389491
          19     1.10423  0.00369108
          20     1.10335  0.00361163
          21     1.10343  0.00344072
          22     1.10375  0.00329915
          23     1.10232    0.003454
          24     1.10307  0.00339122
          25     1.10281  0.00326539
          26     1.10345  0.00320218
          27     1.10395  0.00312165
          28     1.10439  0.00304044
          29     1.10395  0.00296713
          30     1.10298  0.00302095
          31      1.1017  0.00318199
          32     1.10088   0.0031872
          33     1.10054  0.00310929
          34     1.09995   0.0030725
          35     1.09945  0.00302462
          36     1.09821  0.00318589
          37     1.09805  0.00310389
          38     1.09828  0.00303101
          39     1.09775  0.00299954
          40     1.09772  0.00292467
          41     1.09855    0.002967
          42     1.09755  0.00305977
          43     1.09738  0.00299334
          44     1.09813  0.00301794
          45     1.09815  0.00295095
          46     1.09817  0.00288684
          47     1.09794  0.00283421
          48     1.09861  0.00285323
          49     1.09799  0.00286145
          50     1.09866  0.00288073
          51     1.09847   0.0028302
          52     1.09834  0.00277887
          53     1.09793  0.00275669
          54     1.09821  0.00272038
          55     1.09762  0.00273604
          56      1.0978  0.00269357
          57     1.09779  0.00264635
          58     1.09829  0.00264857
          59      1.0979  0.00263253
          60     1.09802  0.00259147
          61     1.09838   0.0025734
          62     1.09816  0.00254147
          63     1.09852  0.00252735
          64      1.0985  0.00248799
          65     1.09881  0.00246979
          66     1.09882  0.00243238
          67      1.0989   0.0023976
          68     1.09882  0.00236373
          69     1.09831  0.00238539
          70     1.09803   0.0023678
          71     1.09795  0.00233556
          72     1.09745  0.00235747
          73     1.09739  0.00232594
          74     1.09763  0.00230695
          75     1.09762   0.0022762
          76     1.09779  0.00225251
          77     1.09805  0.00223803
          78     1.09827  0.00222033
          79     1.09801  0.00220752
          80       1.098  0.00217995
          81     1.09787  0.00215678
          82     1.09766  0.00214115
          83     1.09745  0.00212508
          84     1.09744  0.00209979
          85     1.09769  0.00208886
          86     1.09757  0.00206758
          87     1.09762  0.00204445
          88     1.09735  0.00204004
          89     1.09751  0.00202405
          90     1.09738   0.0020059
          91     1.09727  0.00198694
          92     1.09739  0.00196918
          93     1.09767  0.00196717
          94     1.09747   0.0019563
          95     1.09751  0.00193616
          96     1.09768  0.00192309
          97     1.09795  0.00192184
          98     1.09814  0.00191196
          99     1.09855  0.00193666
         100     1.09873  0.00192565
