           1    -5.02635           0
           2    -5.03171  0.00378742
           3    -5.02527  0.00583202
           4    -5.02092  0.00577239
           5    -5.02898   0.0085588
           6     -5.0301  0.00720515
           7    -5.03512  0.00773071
           8    -5.03917  0.00775494
           9     -5.0393  0.00689425
          10    -5.03176  0.00946413
          11    -5.03008  0.00875222
          12    -5.02986  0.00802562
          13     -5.0313  0.00753722
          14    -5.03286  0.00715684
          15    -5.03448  0.00686128
          16    -5.03388  0.00645862
          17    -5.03549   0.0062751
          18    -5.03563  0.00592821
          19    -5.03552  0.00561731
          20    -5.03417  0.00549659
          21    -5.03421    0.005235
          22    -5.03461  0.00501254
          23    -5.03227  0.00531193
          24    -5.03346  0.00522089
          25    -5.03299  0.00503246
          26    -5.03396  0.00493149
          27    -5.03467  0.00479851
          28    -5.03536  0.00467638
          29    -5.03471  0.00455976
          30    -5.03316  0.00466192
          31    -5.03115  0.00492573
          32    -5.02985   0.0049418
          33    -5.02929  0.00482297
          34     -5.0284  0.00476341
          35    -5.02759  0.00469493
          36    -5.02572  0.00492489
          37    -5.02544  0.00479987
          38    -5.02582   0.0046885
          39    -5.02501  0.00463638
          40    -5.02501  0.00452047
          41    -5.02619  0.00456293
          42    -5.02463  0.00471341
          43    -5.02441  0.00460877
          44    -5.02561  0.00465752
          45    -5.02572  0.00455516
          46    -5.02569  0.00445621
          47    -5.02536  0.00437376
          48    -5.02638  0.00440118
          49    -5.02546  0.00440763
          50    -5.02647  0.00443524
          51    -5.02621  0.00435609
          52    -5.02603  0.00427593
          53    -5.02545  0.00423465
          54    -5.02585  0.00417472
          55    -5.02488  0.00421027
          56    -5.02515  0.00414375
          57    -5.02514  0.00407105
          58    -5.02587  0.00406504
          59    -5.02528   0.0040389
          60    -5.02548   0.0039767
          61    -5.02605  0.00395256
          62    -5.02571  0.00390422
          63     -5.0263  0.00388793
          64    -5.02624  0.00382767
          65    -5.02669   0.0037951
          66    -5.02667  0.00373764
          67    -5.02682  0.00368452
          68    -5.02668  0.00363288
          69    -5.02591   0.0036611
          70    -5.02547  0.00363547
          71    -5.02535  0.00358616
          72    -5.02458  0.00361749
          73    -5.02448  0.00356927
          74    -5.02482  0.00353682
          75    -5.02482  0.00348967
          76    -5.02507  0.00345302
          77    -5.02548  0.00343223
          78    -5.02582  0.00340482
          79     -5.0254  0.00338689
          80    -5.02538  0.00334461
          81    -5.02517   0.0033104
          82    -5.02485  0.00328523
          83    -5.02454  0.00325988
          84    -5.02456  0.00322113
          85    -5.02494  0.00320557
          86    -5.02477  0.00317267
          87    -5.02484  0.00313681
          88    -5.02442  0.00312856
          89    -5.02468  0.00310439
          90    -5.02446  0.00307791
          91    -5.02427  0.00305002
          92    -5.02447   0.0030233
          93    -5.02491  0.00302363
          94    -5.02463  0.00300449
          95    -5.02474  0.00297482
          96    -5.02503  0.00295818
          97    -5.02545  0.00295648
          98    -5.02576   0.0029428
          99    -5.02637  0.00297509
         100    -5.02663  0.00295672
