0 0.99971 0
100 1.00014 0.00030248
200 1.00009 0.000205964
300 1.00024 0.000205532
400 1.00027 0.000165761
500 1.00014 0.000177586
600 1.00008 0.000163646
700 0.999967 0.000177448
800 0.999984 0.000158463
900 0.999975 0.000142829
1000 1.00007 0.000158933
1100 1.00006 0.000146391
1200 1.0001 0.000140548
1300 1.00013 0.000133841
1400 1.00015 0.000126179
1500 1.00012 0.000121953
1600 1.00005 0.000129353
1700 1.00007 0.000123168
1800 1.00006 0.000117102
1900 1.00009 0.000114563
2000 1.00009 0.000109175
2100 1.00009 0.000104229
2200 1.00007 0.000101374
2300 1.00003 0.000103759
2400 1.00001 0.000103539
2500 0.999991 0.000100466
2600 0.999998 9.69368e-05
2700 0.999967 9.80739e-05
2800 0.999968 9.46959e-05
2900 0.999957 9.21748e-05
3000 0.999962 8.93434e-05
3100 0.999959 8.66223e-05
3200 0.999933 8.77228e-05
3300 0.999924 8.55946e-05
3400 0.999927 8.32135e-05
3500 0.999922 8.11012e-05
3600 0.999913 7.93935e-05
3700 0.999899 7.84737e-05
3800 0.999913 7.76804e-05
3900 0.999906 7.60404e-05
4000 0.999895 7.50129e-05
4100 0.999876 7.56729e-05
4200 0.999879 7.40073e-05
4300 0.999871 7.27468e-05
4400 0.999889 7.31224e-05
4500 0.999904 7.32253e-05
4600 0.99991 7.19003e-05
4700 0.999924 7.17145e-05
4800 0.99994 7.18894e-05
4900 0.99994 7.0452e-05
5000 0.999948 6.95848e-05
5100 0.999932 7.01909e-05
5200 0.99993 6.88877e-05
5300 0.999936 6.79091e-05
5400 0.99993 6.69483e-05
5500 0.999937 6.60734e-05
5600 0.999944 6.52699e-05
5700 0.999948 6.42737e-05
5800 0.999958 6.40557e-05
5900 0.999957 6.29983e-05
6000 0.999954 6.20477e-05
6100 0.99995 6.12015e-05
6200 0.999955 6.04257e-05
6300 0.999972 6.19101e-05
6400 0.99997 6.09935e-05
6500 0.999961 6.06298e-05
6600 0.999968 6.00484e-05
6700 0.999965 5.92425e-05
6800 0.99997 5.85876e-05
6900 0.999969 5.77534e-05
7000 0.999958 5.79706e-05
7100 0.999961 5.72287e-05
7200 0.999953 5.7042e-05
7300 0.99995 5.63402e-05
7400 0.999935 5.73694e-05
7500 0.99994 5.67968e-05
7600 0.999948 5.65898e-05
7700 0.999954 5.61558e-05
7800 0.999953 5.54456e-05
7900 0.999964 5.57411e-05
8000 0.999959 5.52529e-05
8100 0.999963 5.47548e-05
8200 0.999973 5.48655e-05
8300 0.999978 5.44786e-05
8400 0.999971 5.42721e-05
8500 0.999968 5.37547e-05
8600 0.999956 5.44802e-05
8700 0.999957 5.38875e-05
8800 0.99997 5.47563e-05
8900 0.999968 5.41771e-05
9000 0.999968 5.35821e-05
9100 0.999968 5.30006e-05
9200 0.999977 5.31298e-05
9300 0.999976 5.25775e-05
9400 0.999978 5.21025e-05
9500 0.99998 5.15739e-05
9600 0.999985 5.13121e-05
9700 0.999983 5.08145e-05
9800 0.999985 5.03287e-05
9900 0.999983 4.98505e-05
