0 1.00006 0
100 0.999956 7.02945e-05
200 0.999988 5.365e-05
300 0.999932 6.2751e-05
400 0.99992 5.14545e-05
500 0.999953 5.23491e-05
600 0.999972 4.84663e-05
700 1 5.20405e-05
800 1 4.62706e-05
900 1.00001 4.18136e-05
1000 0.999982 4.5104e-05
1100 0.999988 4.17609e-05
1200 0.999978 3.98038e-05
1300 0.999968 3.81553e-05
1400 0.999963 3.59537e-05
1500 0.999969 3.43039e-05
1600 0.999988 3.67401e-05
1700 0.999983 3.49906e-05
1800 0.999989 3.36244e-05
1900 0.999981 3.27415e-05
2000 0.999982 3.11898e-05
2100 0.999982 2.97753e-05
2200 0.999988 2.89095e-05
2300 0.999997 2.93201e-05
2400 1.00001 2.93288e-05
2500 1.00001 2.82819e-05
2600 1.00001 2.72525e-05
2700 1.00002 2.74858e-05
2800 1.00001 2.65435e-05
2900 1.00002 2.57682e-05
3000 1.00002 2.50111e-05
3100 1.00002 2.42376e-05
3200 1.00002 2.42394e-05
3300 1.00002 2.36087e-05
3400 1.00002 2.294e-05
3500 1.00002 2.2373e-05
3600 1.00003 2.19086e-05
3700 1.00003 2.14746e-05
3800 1.00003 2.11622e-05
3900 1.00003 2.07239e-05
4000 1.00003 2.04918e-05
4100 1.00004 2.05739e-05
4200 1.00004 2.00955e-05
4300 1.00004 1.97271e-05
4400 1.00003 1.98587e-05
4500 1.00003 1.98031e-05
4600 1.00003 1.95028e-05
4700 1.00002 1.94742e-05
4800 1.00002 1.95236e-05
4900 1.00002 1.91361e-05
5000 1.00002 1.89783e-05
5100 1.00002 1.90008e-05
5200 1.00002 1.8647e-05
5300 1.00002 1.83822e-05
5400 1.00002 1.8117e-05
5500 1.00002 1.78911e-05
5600 1.00002 1.76378e-05
5700 1.00002 1.73943e-05
5800 1.00001 1.73598e-05
5900 1.00001 1.70706e-05
6000 1.00001 1.6806e-05
6100 1.00001 1.65839e-05
6200 1.00001 1.63534e-05
6300 1.00001 1.65892e-05
6400 1.00001 1.63488e-05
6500 1.00001 1.62369e-05
6600 1.00001 1.60804e-05
6700 1.00001 1.58759e-05
6800 1.00001 1.57356e-05
6900 1.00001 1.55108e-05
7000 1.00001 1.56897e-05
7100 1.00001 1.54812e-05
7200 1.00002 1.54353e-05
7300 1.00002 1.52446e-05
7400 1.00002 1.55494e-05
7500 1.00002 1.53744e-05
7600 1.00002 1.52617e-05
7700 1.00002 1.51347e-05
7800 1.00002 1.49432e-05
7900 1.00001 1.49396e-05
8000 1.00002 1.4805e-05
8100 1.00001 1.46897e-05
8200 1.00001 1.4634e-05
8300 1.00001 1.45228e-05
8400 1.00001 1.44624e-05
8500 1.00001 1.43368e-05
8600 1.00002 1.44985e-05
8700 1.00002 1.43374e-05
8800 1.00001 1.45427e-05
8900 1.00001 1.43898e-05
9000 1.00001 1.42318e-05
9100 1.00001 1.40789e-05
9200 1.00001 1.4114e-05
9300 1.00001 1.39649e-05
9400 1.00001 1.38345e-05
9500 1.00001 1.36993e-05
9600 1.00001 1.3601e-05
9700 1.00001 1.34696e-05
9800 1.00001 1.33508e-05
9900 1.00001 1.32227e-05
