0 0 -nan
1 1 -nan
2 1.40698 inf
3 1.73517 inf
4 2.01673 inf
5 2.22922 inf
6 2.45035 inf
7 2.63829 inf
8 2.80899 inf
9 2.9986 inf
10 3.17046 inf
11 3.32199 inf
12 3.46436 inf
13 3.61154 inf
14 3.75233 inf
15 3.89828 inf
16 4.00969 inf
17 4.10417 inf
18 4.2437 inf
19 4.32192 inf
20 4.49195 inf
21 4.62595 inf
22 4.68905 inf
23 4.78623 inf
24 4.89726 inf
25 5.03875 inf
26 5.00759 inf
27 5.18644 inf
28 5.28042 inf
29 5.4203 inf
30 5.45045 inf
31 5.5701 inf
32 5.64392 inf
33 5.76043 inf
34 5.79103 inf
35 5.92911 inf
36 6.01418 inf
37 6.08814 inf
38 6.15422 inf
39 6.24842 inf
40 6.34687 inf
41 6.41543 inf
42 6.4448 inf
43 6.5448 inf
44 6.62895 inf
45 6.7164 inf
46 6.71759 inf
47 6.84379 inf
48 6.98576 inf
49 7.03976 inf
50 7.06496 inf
51 7.14078 inf
52 7.21302 inf
53 7.28207 inf
54 7.269 inf
55 7.44118 inf
56 7.47108 inf
57 7.50589 inf
58 7.60855 inf
59 7.69602 inf
60 7.81797 inf
61 7.82898 inf
62 7.86279 inf
63 7.97586 inf
64 8.0213 inf
65 8.06045 inf
66 8.10048 inf
67 8.18716 inf
68 8.24256 inf
69 8.33136 inf
70 8.37643 inf
71 8.50096 inf
72 8.47578 inf
73 8.53311 inf
74 8.60412 inf
75 8.61579 inf
76 8.76029 inf
77 8.79191 inf
78 8.86644 inf
79 8.8837 inf
80 8.93214 inf
81 9.01523 inf
82 9.07387 inf
83 9.14337 inf
84 9.20275 inf
85 9.14126 inf
86 9.32029 inf
87 9.30573 inf
88 9.40097 inf
89 9.38703 inf
90 9.46579 inf
91 9.57873 inf
92 9.56813 inf
93 9.66786 inf
94 9.66585 inf
95 9.83859 inf
96 9.76506 inf
97 9.83219 inf
98 9.89083 inf
99 10.0133 inf
