0 0 -nan
1 1.00245 inf
2 1.41127 inf
3 1.72526 inf
4 2.00408 inf
5 2.23958 inf
6 2.44282 inf
7 2.63555 inf
8 2.83121 inf
9 3.00726 inf
10 3.17349 inf
11 3.33191 inf
12 3.47853 inf
13 3.59495 inf
14 3.74986 inf
15 3.87176 inf
16 4.01058 inf
17 4.13603 inf
18 4.27251 inf
19 4.38577 inf
20 4.4938 inf
21 4.61671 inf
22 4.71774 inf
23 4.7923 inf
24 4.89264 inf
25 4.97723 inf
26 5.10427 inf
27 5.19675 inf
28 5.25758 inf
29 5.36397 inf
30 5.50017 inf
31 5.54997 inf
32 5.65915 inf
33 5.76182 inf
34 5.79435 inf
35 5.92782 inf
36 5.99772 inf
37 6.09355 inf
38 6.20981 inf
39 6.18602 inf
40 6.31775 inf
41 6.45653 inf
42 6.45449 inf
43 6.54908 inf
44 6.57344 inf
45 6.68629 inf
46 6.73782 inf
47 6.7831 inf
48 6.90783 inf
49 7.01667 inf
50 7.08733 inf
51 7.1697 inf
52 7.18382 inf
53 7.29694 inf
54 7.31243 inf
55 7.36829 inf
56 7.46893 inf
57 7.48582 inf
58 7.56987 inf
59 7.60538 inf
60 7.73634 inf
61 7.92113 inf
62 7.9097 inf
63 7.93872 inf
64 8.04664 inf
65 8.01706 inf
66 8.08211 inf
67 8.18387 inf
68 8.31069 inf
69 8.35261 inf
70 8.31054 inf
71 8.55861 inf
72 8.45154 inf
73 8.48772 inf
74 8.56398 inf
75 8.75253 inf
76 8.72167 inf
77 8.71777 inf
78 8.8531 inf
79 8.84268 inf
80 8.98209 inf
81 8.99379 inf
82 9.01129 inf
83 9.10514 inf
84 9.12564 inf
85 9.19148 inf
86 9.27958 inf
87 9.3183 inf
88 9.38858 inf
89 9.47142 inf
90 9.47929 inf
91 9.53673 inf
92 9.67737 inf
93 9.60861 inf
94 9.71664 inf
95 9.73037 inf
96 9.79719 inf
97 9.74512 inf
98 9.93322 inf
99 9.96147 inf
