           1     1.86097           0
           2     1.88028   0.0136546
           3     1.87847  0.00922202
           4     1.86058    0.016967
           5     1.83572   0.0260556
           6     1.81984   0.0261058
           7      1.8129   0.0232805
           8     1.81421   0.0204071
           9     1.80808   0.0190358
          10       1.799   0.0191795
          11     1.79404   0.0180651
          12     1.79576   0.0166411
          13     1.79399   0.0154547
          14     1.79457   0.0143617
          15     1.79495   0.0134093
          16     1.79406   0.0126008
          17     1.79478   0.0118802
          18     1.79402   0.0112447
          19     1.79288     0.01071
          20     1.79222   0.0101949
          21     1.79219  0.00970947
          22     1.79286  0.00929105
          23     1.79506    0.009144
          24     1.79801   0.0092249
          25     1.80088  0.00929377
          26     1.80406  0.00946339
          27     1.80602  0.00931343
          28     1.80539   0.0090021
          29     1.80543  0.00869178
          30     1.80636  0.00845186
          31      1.8069  0.00819663
          32     1.80896  0.00819459
          33     1.80826  0.00797606
          34     1.80736  0.00779215
          35     1.80704  0.00757596
          36     1.80647  0.00738697
          37     1.80707  0.00721175
          38     1.80716  0.00702249
          39     1.80714  0.00684246
          40     1.80625  0.00672924
          41     1.80481  0.00671754
          42     1.80487   0.0065579
          43     1.80501  0.00640679
          44     1.80478  0.00626515
          45     1.80463  0.00612769
          46     1.80404  0.00602341
          47      1.8036  0.00591097
          48     1.80289  0.00583009
          49     1.80332  0.00572716
          50     1.80352  0.00561591
          51     1.80392  0.00552029
          52     1.80372  0.00541798
          53     1.80408  0.00532763
          54      1.8042  0.00523048
          55     1.80365  0.00516479
          56     1.80292  0.00512346
          57     1.80243  0.00505742
          58     1.80209   0.0049815
          59      1.8021  0.00489709
          60     1.80262  0.00484264
          61      1.8022  0.00478123
          62      1.8013  0.00478723
          63      1.8013  0.00471125
          64     1.80196   0.0046842
          65     1.80286   0.0046973
          66     1.80342  0.00465959
          67     1.80468  0.00475575
          68     1.80518  0.00471285
          69     1.80551  0.00465586
          70     1.80599  0.00461398
          71     1.80716  0.00469419
          72     1.80823  0.00474969
          73     1.80918  0.00477819
          74     1.80965  0.00473725
          75     1.80978  0.00467595
          76     1.80995  0.00461747
          77     1.81007  0.00455896
          78     1.81033  0.00450795
          79     1.81058  0.00445806
          80     1.81091  0.00441426
          81      1.8113   0.0043772
          82     1.81088  0.00434449
          83     1.81036  0.00432289
          84      1.8101  0.00427924
          85     1.80976  0.00424213
          86     1.81007   0.0042037
          87      1.8104  0.00416867
          88     1.81077  0.00413756
          89     1.81094  0.00409451
          90     1.81122   0.0040588
          91     1.81085  0.00403144
          92     1.81099  0.00399024
          93      1.8113  0.00395941
          94     1.81146  0.00392042
          95     1.81134  0.00388115
          96     1.81128  0.00384115
          97     1.81159  0.00381389
          98     1.81221  0.00382558
          99     1.81292  0.00385275
         100     1.81366  0.00388509
