           1   -0.454285           0
           2   -0.473582   0.0136449
           3    -0.47167  0.00922963
           4   -0.453725   0.0170129
           5   -0.428814    0.026109
           6   -0.412904   0.0261598
           7   -0.405936   0.0233321
           8   -0.407205   0.0204501
           9   -0.401054   0.0190805
          10   -0.391944   0.0192247
          11   -0.386978   0.0181071
          12   -0.388682   0.0166781
          13   -0.386907   0.0154893
          14   -0.387475   0.0143933
          15   -0.387851   0.0134387
          16   -0.386954   0.0126287
          17   -0.387676   0.0119064
          18   -0.386916   0.0112692
          19   -0.385785   0.0107326
          20   -0.385134   0.0102158
          21   -0.385114  0.00972932
          22   -0.385786  0.00931031
          23    -0.38799  0.00916255
          24   -0.390936  0.00924236
          25   -0.393815  0.00931024
          26   -0.396988  0.00947746
          27   -0.398942  0.00932557
          28   -0.398309  0.00901393
          29    -0.39835  0.00870319
          30    -0.39928  0.00846266
          31   -0.399823  0.00820708
          32   -0.401882  0.00820463
          33    -0.40118  0.00798591
          34   -0.400281  0.00780151
          35   -0.399968  0.00758488
          36   -0.399403  0.00739521
          37    -0.40001  0.00722021
          38     -0.4001  0.00703077
          39    -0.40008  0.00685052
          40    -0.39919  0.00673678
          41    -0.39775  0.00672457
          42   -0.397814  0.00656477
          43   -0.397946  0.00641342
          44   -0.397718  0.00627172
          45   -0.397566  0.00613418
          46   -0.396969  0.00602986
          47   -0.396531  0.00591741
          48   -0.395822  0.00583649
          49   -0.396252  0.00573321
          50   -0.396444  0.00562175
          51   -0.396845  0.00552584
          52   -0.396637  0.00542349
          53   -0.396995  0.00533292
          54   -0.397118  0.00523559
          55   -0.396561  0.00516997
          56   -0.395831  0.00512888
          57   -0.395335  0.00506287
          58   -0.394996   0.0049869
          59   -0.395009   0.0049024
          60   -0.395524  0.00484762
          61   -0.395104  0.00478623
          62   -0.394208  0.00479231
          63   -0.394202  0.00471624
          64   -0.394864  0.00468885
          65    -0.39576  0.00470151
          66   -0.396322  0.00466376
          67   -0.397577  0.00475986
          68   -0.398085   0.0047169
          69   -0.398412  0.00465986
          70   -0.398891  0.00461789
          71   -0.400058  0.00469783
          72   -0.401128  0.00475294
          73   -0.402074  0.00478104
          74   -0.402548  0.00473986
          75   -0.402681  0.00467853
          76   -0.402849     0.00462
          77   -0.402967  0.00456149
          78   -0.403228  0.00451051
          79   -0.403483  0.00446058
          80    -0.40381  0.00441681
          81     -0.4042  0.00437951
          82   -0.403774   0.0043468
          83   -0.403256  0.00432522
          84   -0.402994  0.00428162
          85   -0.402657  0.00424454
          86   -0.402961  0.00420609
          87   -0.403295  0.00417098
          88   -0.403663  0.00413979
          89   -0.403832   0.0040967
          90   -0.404113  0.00406085
          91   -0.403738  0.00403358
          92   -0.403883  0.00399234
          93   -0.404192  0.00396139
          94   -0.404349  0.00392235
          95   -0.404223  0.00388307
          96   -0.404167  0.00384303
          97   -0.404476  0.00381581
          98   -0.405101  0.00382769
          99   -0.405816  0.00385528
         100   -0.406559  0.00388775
