           1     1.40668           0
           2      1.4067 9.68488e-06
           3      1.4068 8.51386e-05
           4     1.40686  7.9715e-05
           5      1.4069 7.53225e-05
           6     1.40694 6.98092e-05
           7     1.40696 6.52037e-05
           8       1.407 6.68827e-05
           9     1.40703 6.54409e-05
          10     1.40705 6.23675e-05
          11     1.40706 5.74107e-05
          12     1.40707 5.42644e-05
          13     1.40708 5.04199e-05
          14     1.40709 4.84226e-05
          15      1.4071  4.5521e-05
          16     1.40711 4.31218e-05
          17     1.40711 4.05855e-05
          18      1.4071  3.8426e-05
          19      1.4071 3.66927e-05
          20     1.40709  3.6126e-05
          21     1.40708 3.52441e-05
          22     1.40707 3.40268e-05
          23     1.40707  3.2662e-05
          24     1.40707 3.13544e-05
          25     1.40707 3.01455e-05
          26     1.40707 2.91114e-05
          27     1.40708 2.85609e-05
          28     1.40708 2.76316e-05
          29     1.40708 2.66817e-05
          30     1.40708 2.58449e-05
          31     1.40708 2.50159e-05
          32     1.40708 2.42509e-05
          33     1.40708 2.35898e-05
          34     1.40708 2.29288e-05
          35     1.40708 2.26736e-05
          36     1.40707 2.26852e-05
          37     1.40706 2.27937e-05
          38     1.40706 2.24531e-05
          39     1.40706 2.19853e-05
          40     1.40706  2.1519e-05
          41     1.40706 2.10078e-05
          42     1.40706 2.05092e-05
          43     1.40706  2.0378e-05
          44     1.40706 2.00767e-05
          45     1.40707 1.98538e-05
          46     1.40707 1.94732e-05
          47     1.40707 1.91468e-05
          48     1.40707 1.87833e-05
          49     1.40707 1.85793e-05
          50     1.40708 1.84163e-05
          51     1.40708 1.81877e-05
          52     1.40708 1.79484e-05
          53     1.40708 1.76858e-05
          54     1.40708 1.76511e-05
          55     1.40709 1.74187e-05
          56     1.40709 1.73218e-05
          57     1.40709 1.70938e-05
          58     1.40709 1.68169e-05
          59     1.40709  1.6542e-05
          60     1.40709 1.63869e-05
          61     1.40709 1.61776e-05
          62      1.4071 1.59686e-05
          63      1.4071 1.57714e-05
          64      1.4071 1.56021e-05
          65      1.4071 1.54363e-05
          66      1.4071 1.52102e-05
          67      1.4071 1.49931e-05
          68      1.4071  1.4774e-05
          69      1.4071 1.45636e-05
          70      1.4071 1.43564e-05
          71      1.4071 1.41592e-05
          72      1.4071 1.40064e-05
          73      1.4071 1.38926e-05
          74      1.4071 1.38376e-05
          75      1.4071 1.36541e-05
          76      1.4071  1.3482e-05
          77      1.4071 1.33756e-05
          78      1.4071 1.32618e-05
          79      1.4071 1.30949e-05
          80      1.4071 1.29662e-05
          81      1.4071 1.29974e-05
          82      1.4071 1.28424e-05
          83      1.4071 1.27007e-05
          84      1.4071 1.26227e-05
          85     1.40711 1.24979e-05
          86     1.40711  1.2357e-05
          87     1.40711 1.22323e-05
          88     1.40711 1.20989e-05
          89     1.40711 1.19791e-05
          90     1.40711 1.19382e-05
          91     1.40711 1.18735e-05
          92     1.40711 1.17534e-05
          93     1.40711 1.16823e-05
          94     1.40711 1.15894e-05
          95     1.40711 1.14823e-05
          96     1.40711 1.14351e-05
          97     1.40711 1.13442e-05
          98     1.40711 1.13172e-05
          99     1.40711  1.1506e-05
         100     1.40711 1.14396e-05
