1 4.89681 0
2 4.85434 0.0300335
3 4.91075 0.0502209
4 4.94571 0.0483267
5 4.97742 0.0479513
6 4.95894 0.043377
7 4.95054 0.0379834
8 4.9665 0.0364342
9 4.96526 0.0324071
10 4.95488 0.0307857
11 4.94988 0.028389
12 4.95975 0.0276849
13 4.98481 0.0351137
14 4.98509 0.0326067
15 5.00231 0.0346836
16 5.00935 0.0332231
17 5.00947 0.031269
18 5.00663 0.0296609
19 4.99899 0.0290651
20 4.99083 0.0287365
21 4.99124 0.027371
22 4.99313 0.026192
23 4.99438 0.0250832
24 4.99109 0.024253
25 4.98661 0.0236936
26 4.99302 0.0236352
27 4.98888 0.0231204
28 4.98817 0.0223054
29 4.984 0.0219223
30 4.98681 0.0213703
31 4.98602 0.0206955
32 4.98604 0.0200488
33 4.98896 0.0196525
34 4.98897 0.0190744
35 4.99301 0.018952
36 4.99266 0.0184288
37 4.99473 0.0180471
38 4.99129 0.0178986
39 4.98807 0.0177265
40 4.99287 0.0179221
41 4.99457 0.0175652
42 4.99059 0.017592
43 4.99011 0.0171893
44 4.99096 0.0168195
45 4.98946 0.016513
46 4.99217 0.016376
47 4.99198 0.0160287
48 4.99339 0.015756
49 4.98963 0.0158764
50 4.98789 0.0156535
51 4.98737 0.0153551
52 4.98749 0.0150603
53 4.98974 0.0149422
54 4.98914 0.0146772
55 4.99009 0.0144405
56 4.99033 0.0141847
57 4.98776 0.0141681
58 4.98537 0.0141227
59 4.98492 0.0138907
60 4.98478 0.0136598
61 4.98609 0.0134981
62 4.98465 0.0133566
63 4.98779 0.0135084
64 4.98463 0.013662
65 4.98275 0.0135807
66 4.984 0.0134321
67 4.98172 0.0134237
68 4.98073 0.0132623
69 4.98045 0.0130732
70 4.98273 0.0130851
71 4.98288 0.0129017
72 4.98257 0.0127262
73 4.98191 0.012569
74 4.98399 0.0125698
75 4.98502 0.0124442
76 4.98627 0.0123429
77 4.98824 0.0123398
78 4.98693 0.0122512
79 4.98422 0.0123915
80 4.983 0.0122967
81 4.98366 0.0121623
82 4.98429 0.0120303
83 4.98461 0.0118897
84 4.9843 0.0117522
85 4.98457 0.011617
86 4.98307 0.0115772
87 4.98409 0.0114888
88 4.98516 0.0114081
89 4.98756 0.0115284
90 4.98677 0.0114272
91 4.98638 0.0113084
92 4.98622 0.0111865
93 4.98747 0.0111358
94 4.98693 0.0110308
95 4.986 0.0109533
96 4.98773 0.0109745
97 4.98765 0.0108616
98 4.98963 0.0109301
99 4.99027 0.0108383
100 4.99072 0.0107391
