1 1.48439 0
2 1.4778 0.00466567
3 1.44996 0.0229428
4 1.47251 0.0260304
5 1.47186 0.0208324
6 1.47203 0.017361
7 1.47767 0.0157708
8 1.4826 0.0145506
9 1.48127 0.0129943
10 1.48214 0.0117235
11 1.48604 0.0112902
12 1.48507 0.0103911
13 1.48831 0.0100847
14 1.48628 0.00956598
15 1.48791 0.00906513
16 1.4835 0.00951223
17 1.4872 0.0096482
18 1.48473 0.00942506
19 1.4865 0.00909468
20 1.4873 0.00867484
21 1.48403 0.008857
22 1.484 0.00845446
23 1.48734 0.00872051
24 1.49083 0.00903065
25 1.49408 0.00923403
26 1.4938 0.00888309
27 1.49006 0.00930692
28 1.4908 0.00900356
29 1.49192 0.00876279
30 1.4899 0.00870053
31 1.49064 0.00845182
32 1.49213 0.0083178
33 1.49335 0.00815374
34 1.49279 0.00793305
35 1.49147 0.00781528
36 1.48957 0.00782539
37 1.48918 0.00762376
38 1.49037 0.00751605
39 1.49172 0.00744351
40 1.49143 0.00726306
41 1.49274 0.00720353
42 1.49382 0.0071118
43 1.49388 0.0069467
44 1.49388 0.00678882
45 1.49474 0.00669262
46 1.49457 0.00654921
47 1.49464 0.00641026
48 1.49449 0.00627852
49 1.4944 0.00615103
50 1.49369 0.00606915
51 1.4938 0.0059511
52 1.4937 0.00583747
53 1.49356 0.0057289
54 1.49439 0.00568175
55 1.49344 0.00565624
56 1.4943 0.00562025
57 1.49274 0.00573468
58 1.49354 0.00569092
59 1.4938 0.00560054
60 1.49419 0.00552032
61 1.49458 0.00544415
62 1.49397 0.00539057
63 1.49532 0.00546989
64 1.49478 0.00541018
65 1.49399 0.00538523
66 1.49401 0.00530368
67 1.49501 0.00531749
68 1.49562 0.00527446
69 1.49472 0.00527402
70 1.49482 0.00519964
71 1.4947 0.00512795
72 1.49497 0.00506432
73 1.49469 0.00500312
74 1.49557 0.00501338
75 1.49585 0.00495418
76 1.49605 0.00489293
77 1.49641 0.00484273
78 1.49625 0.00478337
79 1.49524 0.00482657
80 1.49434 0.00485092
81 1.49483 0.00481585
82 1.49556 0.00481206
83 1.49554 0.0047541
84 1.49569 0.00469968
85 1.4953 0.0046601
86 1.49444 0.00468504
87 1.49421 0.00463659
88 1.49493 0.00463817
89 1.49504 0.00458735
90 1.495 0.00453652
91 1.49504 0.00448682
92 1.4951 0.00443841
93 1.49485 0.00439752
94 1.49472 0.00435273
95 1.49532 0.00434841
96 1.49548 0.00430595
97 1.49638 0.00435518
98 1.49672 0.00432399
99 1.49634 0.00429693
100 1.49653 0.00425805
