1 1.54435 0
2 1.52348 0.014755
3 1.49686 0.0238635
4 1.50046 0.018168
5 1.50128 0.0145527
6 1.50616 0.0129199
7 1.50287 0.0114847
8 1.49851 0.0108455
9 1.5038 0.0108529
10 1.49906 0.0107517
11 1.4922 0.0117584
12 1.49105 0.0108348
13 1.4906 0.0100109
14 1.48871 0.00947286
15 1.49144 0.00922853
16 1.49319 0.00881484
17 1.49136 0.00848294
18 1.49287 0.00814374
19 1.49491 0.00796685
20 1.49342 0.00770672
21 1.49283 0.00736173
22 1.49237 0.00704151
23 1.49412 0.0069482
24 1.49473 0.00668565
25 1.49254 0.00676766
26 1.49362 0.00659349
27 1.49293 0.00638522
28 1.49306 0.00615843
29 1.49345 0.00595826
30 1.49264 0.00581372
31 1.49384 0.0057471
32 1.49449 0.0056043
33 1.496 0.00563401
34 1.49595 0.00546852
35 1.49582 0.00531386
36 1.4942 0.00540764
37 1.49437 0.00526439
38 1.49317 0.00526154
39 1.49343 0.00513315
40 1.49564 0.00545751
41 1.49675 0.00543692
42 1.49721 0.00532701
43 1.49755 0.00521374
44 1.49725 0.00510372
45 1.4978 0.00501955
46 1.49747 0.00492099
47 1.49725 0.00482135
48 1.49723 0.00472096
49 1.49734 0.00462597
50 1.49709 0.00454003
51 1.49857 0.00468414
52 1.49992 0.00478639
53 1.50005 0.00469777
54 1.50094 0.00469472
55 1.5005 0.00463045
56 1.50064 0.00455008
57 1.50131 0.00451942
58 1.49888 0.00505333
59 1.49922 0.00497908
60 1.49898 0.00490201
61 1.49761 0.00500886
62 1.49739 0.00493313
63 1.49714 0.00486075
64 1.49811 0.0048794
65 1.4967 0.00500351
66 1.49717 0.00495001
67 1.49769 0.0049034
68 1.4976 0.00483214
69 1.49709 0.00478942
70 1.49729 0.00472522
71 1.49712 0.00466175
72 1.49756 0.00461841
73 1.49738 0.00455875
74 1.49717 0.00450202
75 1.49731 0.00444405
76 1.49693 0.00440149
77 1.49664 0.00435422
78 1.49624 0.0043164
79 1.49751 0.00444355
80 1.49729 0.00439304
81 1.49686 0.00436058
82 1.4967 0.00431026
83 1.4967 0.00425833
84 1.49772 0.00432937
85 1.49774 0.00427846
86 1.49768 0.00422912
87 1.49746 0.0041859
88 1.49772 0.00414623
89 1.49797 0.0041069
90 1.49798 0.00406129
91 1.49856 0.00405773
92 1.49798 0.00405473
93 1.4982 0.00401736
94 1.49829 0.00397555
95 1.49824 0.00393397
96 1.49832 0.00389383
97 1.49828 0.00385388
98 1.49831 0.00381465
99 1.49894 0.00382708
100 1.49941 0.00381822
