1 4.99189 0
2 5.05682 0.0459117
3 4.99163 0.0614
4 4.94071 0.0637559
5 4.94581 0.0512083
6 4.95543 0.0435677
7 4.94999 0.037682
8 4.96491 0.0358017
9 4.96838 0.0319914
10 4.9614 0.0295438
11 4.96803 0.0275938
12 4.96304 0.0257426
13 4.96643 0.0239843
14 4.96225 0.0226325
15 4.95812 0.021497
16 4.96013 0.0202472
17 4.96207 0.0191492
18 4.9652 0.0183385
19 4.96011 0.0180653
20 4.96846 0.0189951
21 4.9648 0.018439
22 4.96642 0.0176716
23 4.96925 0.0171285
24 4.97056 0.0164647
25 4.97104 0.0158132
26 4.97302 0.0153284
27 4.96835 0.0154553
28 4.97359 0.0157659
29 4.9745 0.0152484
30 4.97523 0.0147575
31 4.97554 0.0142847
32 4.98125 0.014939
33 4.97891 0.0146688
34 4.97829 0.0142505
35 4.98263 0.014489
36 4.98267 0.0140866
37 4.98095 0.0138114
38 4.98031 0.0134625
39 4.98145 0.0131651
40 4.98279 0.0129039
41 4.97939 0.0130277
42 4.98111 0.0128307
43 4.97891 0.0127199
44 4.97979 0.0124614
45 4.98212 0.0124001
46 4.98501 0.0124619
47 4.98322 0.0123241
48 4.9866 0.0125214
49 4.98903 0.0124989
50 4.99115 0.0124282
51 4.99491 0.0127401
52 4.99537 0.0125033
53 4.9925 0.0125928
54 4.98954 0.0127028
55 4.98919 0.0124766
56 4.98913 0.012254
57 4.98711 0.0122043
58 4.98537 0.0121178
59 4.9898 0.0126989
60 4.98948 0.0124914
61 4.98766 0.0124185
62 4.9875 0.0122191
63 4.98633 0.0120817
64 4.98759 0.0119589
65 4.98576 0.0119139
66 4.9865 0.0117564
67 4.98765 0.0116369
68 4.98722 0.0114737
69 4.98654 0.0113279
70 4.98621 0.0111709
71 4.98623 0.0110136
72 4.98565 0.0108758
73 4.98547 0.0107284
74 4.98501 0.010593
75 4.98554 0.0104649
76 4.98302 0.0106256
77 4.98282 0.0104896
78 4.98315 0.0103605
79 4.98405 0.0102678
80 4.98245 0.0102633
81 4.98232 0.0101374
82 4.98283 0.0100268
83 4.98523 0.0101881
84 4.98535 0.0100677
85 4.98756 0.0101869
86 4.98638 0.0101355
87 4.98528 0.0100795
88 4.9878 0.0102765
89 4.98896 0.0102258
90 4.9882 0.0101405
91 4.98922 0.0100806
92 4.98908 0.00997193
93 4.9882 0.00990378
94 4.989 0.00983059
95 4.98912 0.00972786
96 4.98923 0.00962721
97 4.98992 0.00955233
98 4.98845 0.0095663
99 4.98908 0.00949027
100 4.98852 0.00941194
