0 0.456646 0
100 0.502985 0.032766
200 0.476028 0.0310096
300 0.496012 0.0289899
400 0.495708 0.0231935
500 0.492961 0.0194899
600 0.495493 0.0168691
700 0.494858 0.0147724
800 0.501828 0.0146837
900 0.506394 0.0139072
1000 0.50445 0.0127781
1100 0.50699 0.0119629
1200 0.506744 0.0110452
1300 0.507175 0.0102647
1400 0.505479 0.00971949
1500 0.508615 0.00960456
1600 0.50896 0.00904577
1700 0.507601 0.00864469
1800 0.507688 0.00819014
1900 0.505419 0.00808886
2000 0.504399 0.00776767
2100 0.503605 0.00745508
2200 0.502794 0.00717489
2300 0.503193 0.00688698
2400 0.504293 0.00669878
2500 0.504593 0.00644787
2600 0.505569 0.00628246
2700 0.505949 0.00606955
2800 0.506554 0.00589031
2900 0.506531 0.00569401
3000 0.505764 0.00556165
3100 0.504886 0.00545676
3200 0.506219 0.0054517
3300 0.504607 0.00552455
3400 0.504065 0.00539325
3500 0.503789 0.00525045
3600 0.504829 0.00521037
3700 0.504561 0.00508011
3800 0.504497 0.00495025
3900 0.50366 0.00489685
4000 0.503773 0.00477873
4100 0.503827 0.00466526
4200 0.503878 0.00455704
4300 0.503199 0.00450371
4400 0.50301 0.00440761
4500 0.502786 0.00431746
4600 0.502452 0.00423851
4700 0.502301 0.0041529
4800 0.502522 0.00407404
4900 0.502191 0.004006
5000 0.502344 0.00393039
5100 0.501825 0.00388898
5200 0.502225 0.00383613
5300 0.501589 0.00381753
5400 0.501251 0.00376299
5500 0.50102 0.00370287
5600 0.501545 0.00367495
5700 0.501032 0.00364723
5800 0.500675 0.00360289
5900 0.500854 0.00354732
6000 0.499879 0.00362088
6100 0.500704 0.00365529
6200 0.500697 0.00359727
6300 0.500935 0.00354893
6400 0.501261 0.0035093
6500 0.50124 0.00345618
6600 0.502142 0.00352012
6700 0.501995 0.00347139
6800 0.502403 0.0034449
6900 0.503536 0.00357731
7000 0.503753 0.00353351
7100 0.503759 0.00348444
7200 0.50398 0.00344372
7300 0.50309 0.00351021
7400 0.503112 0.00346347
7500 0.50356 0.00344675
7600 0.503015 0.00344481
7700 0.50354 0.00344035
7800 0.503935 0.00341937
7900 0.504052 0.00337866
8000 0.504752 0.00340871
8100 0.505084 0.00338326
8200 0.504825 0.00335245
8300 0.504764 0.00331309
8400 0.504186 0.00332408
8500 0.504168 0.00328548
8600 0.504057 0.00324959
8700 0.503582 0.00324718
8800 0.503382 0.00321682
8900 0.503583 0.00318735
9000 0.502754 0.00325842
9100 0.502306 0.00325371
9200 0.502027 0.00323066
9300 0.502016 0.00319631
9400 0.501609 0.00318848
9500 0.501519 0.00315654
9600 0.501633 0.00312605
9700 0.501401 0.00310276
9800 0.501149 0.00308161
9900 0.501214 0.00305148
