0 3.14005 0
100 3.13982 0.000162727
200 3.14045 0.000528319
300 3.14106 0.00066015
400 3.14136 0.00059353
500 3.14133 0.000495558
600 3.14129 0.000426293
700 3.14098 0.000474756
800 3.1411 0.000437666
900 3.14099 0.000407461
1000 3.14083 0.000401649
1100 3.14119 0.000507364
1200 3.14141 0.000511437
1300 3.1416 0.000510923
1400 3.1417 0.000485954
1500 3.14148 0.000502753
1600 3.14149 0.000473303
1700 3.1413 0.000485334
1800 3.14139 0.000468241
1900 3.1414 0.000444928
2000 3.14158 0.000458644
2100 3.1416 0.000438199
2200 3.14153 0.000424538
2300 3.14149 0.000408708
2400 3.1416 0.000407645
2500 3.14162 0.000392761
2600 3.14157 0.000382556
2700 3.14145 0.000385568
2800 3.14154 0.000381195
2900 3.14167 0.000392156
3000 3.14178 0.00039313
3100 3.14173 0.000384095
3200 3.14163 0.000384774
3300 3.1417 0.000380136
3400 3.14165 0.00037198
3500 3.14165 0.000361648
3600 3.14163 0.000352813
3700 3.14162 0.000343634
3800 3.14162 0.000334848
3900 3.14164 0.000326893
4000 3.1416 0.000321871
4100 3.14154 0.000319728
4200 3.14154 0.000312371
4300 3.14151 0.000307003
4400 3.1415 0.000300243
4500 3.14163 0.000318802
4600 3.14169 0.000318786
4700 3.14165 0.000315131
4800 3.14164 0.000308781
4900 3.14172 0.000312171
5000 3.14171 0.000306141
5100 3.14169 0.000301262
5200 3.14175 0.000300966
5300 3.14177 0.000296405
5400 3.14178 0.000291057
5500 3.14175 0.000287268
5600 3.14173 0.000282666
5700 3.1417 0.000279662
5800 3.14171 0.000275025
5900 3.14172 0.000270726
6000 3.14167 0.000270488
6100 3.14178 0.000288251
6200 3.14183 0.000288137
6300 3.14183 0.000283676
6400 3.14179 0.00028181
6500 3.14178 0.000277963
6600 3.14181 0.000275935
6700 3.14177 0.000274467
6800 3.14177 0.000270517
6900 3.14171 0.000273223
7000 3.14171 0.000269376
7100 3.14175 0.000269303
7200 3.1418 0.000270212
7300 3.1418 0.000266561
7400 3.14182 0.000263359
7500 3.1418 0.000260226
7600 3.14175 0.000262358
7700 3.1417 0.00026424
7800 3.14168 0.000261183
7900 3.14172 0.000260392
8000 3.14172 0.000257205
8100 3.14166 0.000260816
8200 3.14165 0.000257817
8300 3.14158 0.000263083
8400 3.1416 0.000260702
8500 3.14162 0.000258629
8600 3.14161 0.000256098
8700 3.14163 0.000253952
8800 3.14163 0.000251105
8900 3.1416 0.000249561
9000 3.14161 0.000246822
9100 3.14164 0.000246736
9200 3.14167 0.000245747
9300 3.14167 0.000243137
9400 3.14163 0.000244138
9500 3.14166 0.000243928
9600 3.14166 0.000241423
9700 3.14169 0.00024028
9800 3.14169 0.000237885
9900 3.14168 0.000236006
