0 0.0890399 0
100 0.0936191 0.00323795
200 0.0876198 0.00535296
300 0.0889464 0.00417588
400 0.0867139 0.00389199
500 0.0852591 0.0035047
600 0.0840464 0.00320699
700 0.0847467 0.00288158
800 0.0836774 0.00275269
900 0.0834513 0.00248669
1000 0.0846859 0.00254878
1100 0.0848619 0.00234245
1200 0.085203 0.00218695
1300 0.0846059 0.00211068
1400 0.0845063 0.00197232
1500 0.0850369 0.00191908
1600 0.0842032 0.00197902
1700 0.0845239 0.00189489
1800 0.0843695 0.00180144
1900 0.0850092 0.00182139
2000 0.0848088 0.00174564
2100 0.0846183 0.00167666
2200 0.0845317 0.001606
2300 0.0845532 0.00153922
2400 0.0846485 0.0014806
2500 0.0842996 0.00146418
2600 0.0845109 0.00142513
2700 0.0843018 0.00138949
2800 0.08408 0.00135916
2900 0.0842106 0.00132011
3000 0.0842668 0.00127872
3100 0.084554 0.00127061
3200 0.0846628 0.00123676
3300 0.0849451 0.00123219
3400 0.0846711 0.00122708
3500 0.0846966 0.00119326
3600 0.0845736 0.00116733
3700 0.0845633 0.00113666
3800 0.0844152 0.00111712
3900 0.0845043 0.00109273
4000 0.0842218 0.00110199
4100 0.0841498 0.0010781
4200 0.0839102 0.00107934
4300 0.0840134 0.00105973
4400 0.0839672 0.00103718
4500 0.0840125 0.00101563
4600 0.0840238 0.00099408
4700 0.0840943 0.00097586
4800 0.0842817 0.000973775
4900 0.0843446 0.000956328
5000 0.0843382 0.000937598
5100 0.0843677 0.000920033
5200 0.0843662 0.000902675
5300 0.0845159 0.000898284
5400 0.0844388 0.000885252
5500 0.0845669 0.000878664
5600 0.0847403 0.000880188
5700 0.0845299 0.000889796
5800 0.0844288 0.000880445
5900 0.0846083 0.000883891
6000 0.0845961 0.000869486
6100 0.08464 0.000856569
6200 0.0846889 0.00084437
6300 0.0843653 0.000891048
6400 0.0844116 0.000878546
6500 0.0844199 0.000865274
6600 0.0847117 0.00090024
6700 0.0847493 0.000887785
6800 0.08473 0.000875129
6900 0.0846445 0.000866788
7000 0.0845463 0.000860132
7100 0.0845911 0.000849354
7200 0.0845472 0.000838855
7300 0.0845119 0.000828262
7400 0.0843866 0.000826631
7500 0.0843506 0.000816538
7600 0.0841446 0.000831518
7700 0.0840398 0.00082744
7800 0.0841207 0.000820917
7900 0.084177 0.000812585
8000 0.0841929 0.000802708
8100 0.0841294 0.000795425
8200 0.0841484 0.000786067
8300 0.0841147 0.000777429
8400 0.0839629 0.000782962
8500 0.083994 0.000774474
8600 0.0838782 0.000774185
8700 0.0837091 0.000783636
8800 0.0834739 0.00080934
8900 0.0834475 0.000800777
9000 0.0833944 0.000793737
9100 0.0833649 0.000785658
9200 0.0833519 0.000777319
9300 0.0833589 0.000769081
9400 0.0833117 0.000762427
9500 0.0831659 0.000768315
9600 0.0830796 0.000765226
9700 0.0830292 0.000759076
9800 0.0830135 0.00075157
9900 0.0832638 0.000784639
